[AVAILABLE][CLIENT][INFO] MineTweaker: Building registry
[AVAILABLE][CLIENT][INFO] MineTweaker: Sucessfully built item registry
[SERVER_ABOUT_TO_START][SERVER][INFO] Adding command minetweaker
[SERVER_ABOUT_TO_START][SERVER][INFO] Adding minetweaker command tooltips
[SERVER_ABOUT_TO_START][SERVER][INFO] 
[SERVER_ABOUT_TO_START][SERVER][INFO] Adding minetweaker command materials
[SERVER_ABOUT_TO_START][SERVER][INFO] Adding minetweaker command modifiers
[SERVER_ABOUT_TO_START][SERVER][INFO] Adding minetweaker command tconstruct
[SERVER_ABOUT_TO_START][SERVER][INFO] Adding minetweaker command chiselGroups
[SERVER_ABOUT_TO_START][SERVER][INFO] Adding minetweaker command chiselVariations
[SERVER_ABOUT_TO_START][SERVER][INFO] Adding minetweaker command lexiconCategories
[SERVER_ABOUT_TO_START][SERVER][INFO] Adding minetweaker command lexiconPages
[SERVER_ABOUT_TO_START][SERVER][INFO] Adding minetweaker command botaniaBrews
[SERVER_ABOUT_TO_START][SERVER][INFO] Adding minetweaker command lexiconKnowledgeTypes
[SERVER_ABOUT_TO_START][SERVER][INFO] Adding minetweaker command botaniaOrechid
[SERVER_ABOUT_TO_START][SERVER][INFO] Adding minetweaker command botania
[SERVER_ABOUT_TO_START][SERVER][INFO] 
[SERVER_ABOUT_TO_START][SERVER][INFO] 
[SERVER_ABOUT_TO_START][SERVER][INFO] 
[SERVER_ABOUT_TO_START][SERVER][INFO] 
[SERVER_ABOUT_TO_START][SERVER][INFO] 
[SERVER_ABOUT_TO_START][SERVER][INFO] 
[SERVER_ABOUT_TO_START][SERVER][INFO] 
[SERVER_ABOUT_TO_START][SERVER][INFO] 
[SERVER_ABOUT_TO_START][SERVER][INFO] 
[SERVER_ABOUT_TO_START][SERVER][INFO] 
[SERVER_ABOUT_TO_START][SERVER][INFO] 
[SERVER_ABOUT_TO_START][SERVER][INFO] 
[SERVER_ABOUT_TO_START][SERVER][INFO] 
